0 info it worked if it ends with ok
1 verbose cli [ 'node.exe',
1 verbose cli   'C:\\app\\nodist\\bin\\node_modules\\npm\\cli.js',
1 verbose cli   'start' ]
2 info using npm@1.4.13
3 info using node@v0.10.28
4 verbose run-script [ 'prestart', 'start', 'poststart' ]
5 info prestart word-books-app@0.0.1
6 info start word-books-app@0.0.1
7 verbose unsafe-perm in lifecycle true
8 info word-books-app@0.0.1 Failed to exec start script
9 error word-books-app@0.0.1 start: `node ./bin/www`
9 error Exit status 8
10 error Failed at the word-books-app@0.0.1 start script.
10 error This is most likely a problem with the word-books-app package,
10 error not with npm itself.
10 error Tell the author that this fails on your system:
10 error     node ./bin/www
10 error You can get their info via:
10 error     npm owner ls word-books-app
10 error There is likely additional logging output above.
11 error System Windows_NT 6.1.7601
12 error command "node.exe" "C:\\app\\nodist\\bin\\node_modules\\npm\\cli.js" "start"
13 error cwd c:\webstorm\work\word-books-app
14 error node -v v0.10.28
15 error npm -v 1.4.13
16 error code ELIFECYCLE
17 verbose exit [ 1, true ]
